  lex.yy.c
Q:/Uni/tfiaimt/VBCompiler/parser/parser.y(75,2): error C2061: syntax error: identifier 'VarType'
Q:/Uni/tfiaimt/VBCompiler/parser/parser.y(77,13): error C2143: syntax error: missing '{' before '*'
Q:/Uni/tfiaimt/VBCompiler/parser/parser.y(78,17): error C2143: syntax error: missing '{' before '*'
Q:/Uni/tfiaimt/VBCompiler/parser/parser.y(79,18): error C2143: syntax error: missing '{' before '*'
Q:/Uni/tfiaimt/VBCompiler/parser/parser.y(80,26): error C2143: syntax error: missing '{' before '*'
Q:/Uni/tfiaimt/VBCompiler/parser/parser.y(81,14): error C2143: syntax error: missing '{' before '*'
Q:/Uni/tfiaimt/VBCompiler/parser/parser.y(82,9): error C2143: syntax error: missing '{' before '*'
Q:/Uni/tfiaimt/VBCompiler/parser/parser.y(83,20): error C2143: syntax error: missing '{' before '*'
Q:/Uni/tfiaimt/VBCompiler/parser/parser.y(84,16): error C2143: syntax error: missing '{' before '*'
Q:/Uni/tfiaimt/VBCompiler/parser/parser.y(85,11): error C2143: syntax error: missing '{' before '*'
Q:/Uni/tfiaimt/VBCompiler/parser/parser.y(86,10): error C2143: syntax error: missing '{' before '*'
Q:/Uni/tfiaimt/VBCompiler/parser/parser.y(87,23): error C2143: syntax error: missing '{' before '*'
Q:/Uni/tfiaimt/VBCompiler/parser/parser.y(88,24): error C2143: syntax error: missing '{' before '*'
Q:/Uni/tfiaimt/VBCompiler/parser/parser.y(89,27): error C2143: syntax error: missing '{' before '*'
Q:/Uni/tfiaimt/VBCompiler/parser/parser.y(90,20): error C2143: syntax error: missing '{' before '*'
Q:/Uni/tfiaimt/VBCompiler/parser/parser.y(91,23): error C2143: syntax error: missing '{' before '*'
Q:/Uni/tfiaimt/VBCompiler/parser/parser.y(92,11): error C2143: syntax error: missing '{' before '*'
Q:/Uni/tfiaimt/VBCompiler/parser/parser.y(93,12): error C2143: syntax error: missing '{' before '*'
Q:/Uni/tfiaimt/VBCompiler/parser/parser.y(94,18): error C2143: syntax error: missing '{' before '*'
Q:/Uni/tfiaimt/VBCompiler/parser/parser.y(95,17): error C2143: syntax error: missing '{' before '*'
Q:/Uni/tfiaimt/VBCompiler/parser/parser.y(96,12): error C2143: syntax error: missing '{' before '*'
Q:/Uni/tfiaimt/VBCompiler/parser/parser.y(97,13): error C2143: syntax error: missing '{' before '*'
Q:/Uni/tfiaimt/VBCompiler/parser/parser.y(98,18): error C2143: syntax error: missing '{' before '*'
Q:/Uni/tfiaimt/VBCompiler/parser/parser.y(99,14): error C2143: syntax error: missing '{' before '*'
Q:/Uni/tfiaimt/VBCompiler/parser/parser.y(100,18): error C2143: syntax error: missing '{' before '*'
Q:/Uni/tfiaimt/VBCompiler/parser/parser.y(101,14): error C2143: syntax error: missing '{' before '*'
Q:/Uni/tfiaimt/VBCompiler/parser/parser.y(102,13): error C2143: syntax error: missing '{' before '*'
Q:/Uni/tfiaimt/VBCompiler/parser/parser.y(103,9): error C2143: syntax error: missing '{' before '*'
Q:/Uni/tfiaimt/VBCompiler/parser/parser.y(104,15): error C2143: syntax error: missing '{' before '*'
Q:/Uni/tfiaimt/VBCompiler/parser/parser.y(105,13): error C2143: syntax error: missing '{' before '*'
Q:/Uni/tfiaimt/VBCompiler/parser/parser.y(106,11): error C2143: syntax error: missing '{' before '*'
Q:/Uni/tfiaimt/VBCompiler/parser/parser.y(107,11): error C2143: syntax error: missing '{' before '*'
Q:/Uni/tfiaimt/VBCompiler/parser/parser.y(108,17): error C2143: syntax error: missing '{' before '*'
Q:/Uni/tfiaimt/VBCompiler/parser/parser.y(109,16): error C2143: syntax error: missing '{' before '*'
Q:/Uni/tfiaimt/VBCompiler/parser/parser.y(110,16): error C2143: syntax error: missing '{' before '*'
Q:/Uni/tfiaimt/VBCompiler/parser/parser.y(111,15): error C2143: syntax error: missing '{' before '*'
parser.tab.h(174,1): error C2059: syntax error: '}'
flexample.l(78,18): error C2037: left of 'str_val' specifies undefined struct/union 'YYSTYPE'
flexample.l(78,71): error C2037: left of 'datetime_val' specifies undefined struct/union 'YYSTYPE'
flexample.l(78,64): error C2198: 'strcpy': too few arguments for call
flexample.l(86,20): error C2037: left of 'str_val' specifies undefined struct/union 'YYSTYPE'
flexample.l(86,73): error C2037: left of 'str_val' specifies undefined struct/union 'YYSTYPE'
flexample.l(86,66): error C2198: 'strcpy': too few arguments for call
flexample.l(88,30): error C2037: left of 'int_val' specifies undefined struct/union 'YYSTYPE'
flexample.l(91,2): error C2037: left of 'double_val' specifies undefined struct/union 'YYSTYPE'
flexample.l(97,2): error C2037: left of 'bool_val' specifies undefined struct/union 'YYSTYPE'
flexample.l(98,2): error C2037: left of 'bool_val' specifies undefined struct/union 'YYSTYPE'
flexample.l(101,2): error C2037: left of 'id_name' specifies undefined struct/union 'YYSTYPE'
flexample.l(127,15): warning C4267: 'initializing': conversion from 'size_t' to 'int', possible loss of data
